TN:
SF:c:\LiangQi_24814\WORKSPACE\v3c-ts\src\core\EventDispatcher.ts
FN:8,(anonymous_0)
FN:13,name
FN:19,(anonymous_2)
FN:27,(anonymous_3)
FN:42,(anonymous_4)
FN:43,on
FN:55,(anonymous_6)
FN:76,(anonymous_7)
FNF:8
FNH:4
FNDA:3,(anonymous_0)
FNDA:0,name
FNDA:1,(anonymous_2)
FNDA:2,(anonymous_3)
FNDA:0,(anonymous_4)
FNDA:0,on
FNDA:5,(anonymous_6)
FNDA:0,(anonymous_7)
DA:2,1
DA:3,1
DA:12,3
DA:13,3
DA:14,0
DA:16,3
DA:17,3
DA:20,1
DA:28,2
DA:29,0
DA:30,0
DA:34,2
DA:44,0
DA:45,0
DA:47,0
DA:48,0
DA:56,5
DA:57,5
DA:58,2
DA:59,2
DA:60,2
DA:63,0
DA:77,0
DA:78,0
DA:80,0
DA:81,0
DA:82,0
DA:84,0
DA:86,0
DA:87,0
DA:88,0
DA:90,0
DA:92,0
DA:93,0
DA:94,0
DA:95,0
DA:96,0
DA:97,0
DA:102,0
DA:106,1
LF:40
LH:15
BRDA:28,0,0,0
BRDA:28,0,1,2
BRDA:34,1,0,2
BRDA:34,1,1,2
BRDA:57,2,0,2
BRDA:57,2,1,3
BRDA:77,3,0,0
BRDA:77,3,1,0
BRDA:80,4,0,0
BRDA:80,4,1,0
BRDA:87,5,0,0
BRDA:87,5,1,0
BRDA:90,6,0,0
BRDA:90,6,1,0
BRDA:95,7,0,0
BRDA:95,7,1,0
BRDA:95,8,0,0
BRDA:95,8,1,0
BRF:18
BRH:5
end_of_record
TN:
SF:c:\LiangQi_24814\WORKSPACE\v3c-ts\src\core\util\preventReactive.ts
FN:3,preventReactive
FNF:1
FNH:1
FNDA:8,preventReactive
DA:2,1
DA:4,8
DA:10,1
LF:3
LH:3
BRF:0
BRH:0
end_of_record
TN:
SF:c:\LiangQi_24814\WORKSPACE\v3c-ts\src\core\ThreeAssets.ts
FN:7,(anonymous_0)
FN:13,(anonymous_1)
FN:27,(anonymous_2)
FN:30,(anonymous_3)
FNF:4
FNH:3
FNDA:2,(anonymous_0)
FNDA:3,(anonymous_1)
FNDA:2,(anonymous_2)
FNDA:0,(anonymous_3)
DA:2,1
DA:3,1
DA:4,1
DA:5,1
DA:8,2
DA:9,2
DA:10,2
DA:11,2
DA:14,3
DA:15,3
DA:22,3
DA:28,2
DA:31,0
DA:34,1
LF:14
LH:13
BRF:0
BRH:0
end_of_record
TN:
SF:c:\LiangQi_24814\WORKSPACE\v3c-ts\src\text.js
FNF:0
FNH:0
DA:1,1
LF:1
LH:1
BRF:0
BRH:0
end_of_record
